backup-twa-android/app/build/outputs/logs/manifest-merger-debug-report.txt
-- Merging decision tree log ---
manifest
ADDED from src/main/AndroidManifest.xml:22:1-200:12
INJECTED from src/main/AndroidManifest.xml:22:1-200:12
INJECTED from src/main/AndroidManifest.xml:22:1-200:12
INJECTED from src/main/AndroidManifest.xml:22:1-200:12
MERGED from [com.google.androidbrowserhelper:androidbrowserhelper:2.6.2] AndroidManifest.xml:17:1-32:12
MERGED from [androidx.appcompat:appcompat-resources:1.7.0] AndroidManifest.xml:2:1-7:12
MERGED from [androidx.appcompat:appcompat:1.7.0] AndroidManifest.xml:2:1-7:12
MERGED from [androidx.fragment:fragment:1.5.4] AndroidManifest.xml:17:1-24:12
MERGED from [androidx.browser:browser:1.9.0-alpha04] AndroidManifest.xml:2:1-7:12
MERGED from [androidx.activity:activity:1.9.0] AndroidManifest.xml:17:1-22:12
MERGED from [androidx.core:core-ktx:1.13.0] AndroidManifest.xml:2:1-7:12
MERGED from [androidx.drawerlayout:drawerlayout:1.0.0] AndroidManifest.xml:17:1-22:12
MERGED from [androidx.emoji2:emoji2-views-helper:1.3.0] AndroidManifest.xml:2:1-7:12
MERGED from [androidx.emoji2:emoji2:1.3.0] AndroidManifest.xml:17:1-35:12
MERGED from [androidx.vectordrawable:vectordrawable-animated:1.1.0] AndroidManifest.xml:17:1-24:12
MERGED from [androidx.vectordrawable:vectordrawable:1.1.0] AndroidManifest.xml:17:1-24:12
MERGED from [androidx.viewpager:viewpager:1.0.0] AndroidManifest.xml:17:1-22:12
MERGED from [androidx.customview:customview:1.0.0] AndroidManifest.xml:17:1-22:12
MERGED from [androidx.loader:loader:1.0.0] AndroidManifest.xml:17:1-22:12
MERGED from [androidx.core:core:1.13.0] AndroidManifest.xml:17:1-30:12
MERGED from [androidx.lifecycle:lifecycle-livedata:2.6.2] AndroidManifest.xml:17:1-22:12
MERGED from [androidx.lifecycle:lifecycle-viewmodel:2.6.2] AndroidManifest.xml:17:1-22:12
MERGED from [androidx.lifecycle:lifecycle-process:2.6.2] AndroidManifest.xml:17:1-35:12
MERGED from [androidx.lifecycle:lifecycle-livedata-core:2.6.2] AndroidManifest.xml:17:1-22:12
MERGED from [androidx.lifecycle:lifecycle-runtime:2.6.2] AndroidManifest.xml:2:1-7:12
MERGED from [androidx.lifecycle:lifecycle-viewmodel-savedstate:2.6.2] AndroidManifest.xml:17:1-22:12
MERGED from [androidx.savedstate:savedstate:1.2.1] AndroidManifest.xml:17:1-22:12
MERGED from [androidx.cursoradapter:cursoradapter:1.0.0] AndroidManifest.xml:17:1-22:12
MERGED from [androidx.profileinstaller:profileinstaller:1.3.1] AndroidManifest.xml:17:1-55:12
MERGED from [androidx.interpolator:interpolator:1.0.0] AndroidManifest.xml:17:1-22:12
MERGED from [androidx.versionedparcelable:versionedparcelable:1.1.1] AndroidManifest.xml:17:1-27:12
MERGED from [androidx.startup:startup-runtime:1.1.1] AndroidManifest.xml:17:1-33:12
MERGED from [androidx.tracing:tracing:1.0.0] AndroidManifest.xml:17:1-24:12
MERGED from [androidx.arch.core:core-runtime:2.2.0] AndroidManifest.xml:17:1-22:12
MERGED from [androidx.annotation:annotation-experimental:1.4.1] AndroidManifest.xml:2:1-7:12
	package
		ADDED from src/main/AndroidManifest.xml:23:5-38
		INJECTED from src/main/AndroidManifest.xml
	android:versionName
		INJECTED from src/main/AndroidManifest.xml
	android:versionCode
		INJECTED from src/main/AndroidManifest.xml
	xmlns:android
		ADDED from src/main/AndroidManifest.xml:22:11-69
uses-permission#android.permission.POST_NOTIFICATIONS
ADDED from src/main/AndroidManifest.xml:26:9-80
	android:name
		ADDED from src/main/AndroidManifest.xml:26:26-78
application
ADDED from src/main/AndroidManifest.xml:35:5-199:19
INJECTED from src/main/AndroidManifest.xml:35:5-199:19
MERGED from [androidx.emoji2:emoji2:1.3.0] AndroidManifest.xml:23:5-33:19
MERGED from [androidx.emoji2:emoji2:1.3.0] AndroidManifest.xml:23:5-33:19
MERGED from [androidx.core:core:1.13.0] AndroidManifest.xml:28:5-89
MERGED from [androidx.core:core:1.13.0] AndroidManifest.xml:28:5-89
MERGED from [androidx.lifecycle:lifecycle-process:2.6.2] AndroidManifest.xml:23:5-33:19
MERGED from [androidx.lifecycle:lifecycle-process:2.6.2] AndroidManifest.xml:23:5-33:19
MERGED from [androidx.profileinstaller:profileinstaller:1.3.1] AndroidManifest.xml:23:5-53:19
MERGED from [androidx.profileinstaller:profileinstaller:1.3.1] AndroidManifest.xml:23:5-53:19
MERGED from [androidx.versionedparcelable:versionedparcelable:1.1.1] AndroidManifest.xml:24:5-25:19
MERGED from [androidx.versionedparcelable:versionedparcelable:1.1.1] AndroidManifest.xml:24:5-25:19
MERGED from [androidx.startup:startup-runtime:1.1.1] AndroidManifest.xml:25:5-31:19
MERGED from [androidx.startup:startup-runtime:1.1.1] AndroidManifest.xml:25:5-31:19
	android:extractNativeLibs
		INJECTED from src/main/AndroidManifest.xml
	android:appComponentFactory
		ADDED from [androidx.core:core:1.13.0] AndroidManifest.xml:28:18-86
	android:supportsRtl
		ADDED from src/main/AndroidManifest.xml:43:9-35
	android:label
		ADDED from src/main/AndroidManifest.xml:39:9-40
	android:manageSpaceActivity
		ADDED from src/main/AndroidManifest.xml:41:9-105
	android:icon
		ADDED from src/main/AndroidManifest.xml:38:9-43
	android:allowBackup
		ADDED from src/main/AndroidManifest.xml:37:9-35
	android:theme
		ADDED from src/main/AndroidManifest.xml:44:9-68
	android:name
		ADDED from src/main/AndroidManifest.xml:36:9-35
meta-data#asset_statements
ADDED from src/main/AndroidManifest.xml:46:9-48:58
	android:resource
		ADDED from src/main/AndroidManifest.xml:48:13-55
	android:name
		ADDED from src/main/AndroidManifest.xml:47:13-44
meta-data#web_manifest_url
ADDED from src/main/AndroidManifest.xml:51:13-53:58
	android:value
		ADDED from src/main/AndroidManifest.xml:53:17-55
	android:name
		ADDED from src/main/AndroidManifest.xml:52:17-48
meta-data#twa_generator
ADDED from src/main/AndroidManifest.xml:56:9-58:52
	android:value
		ADDED from src/main/AndroidManifest.xml:58:13-49
	android:name
		ADDED from src/main/AndroidManifest.xml:57:13-41
activity#com.google.androidbrowserhelper.trusted.ManageDataLauncherActivity
ADDED from src/main/AndroidManifest.xml:65:13-76:24
	android:enabled
		ADDED from src/main/AndroidManifest.xml:67:17-39
	android:excludeFromRecents
		ADDED from src/main/AndroidManifest.xml:68:17-50
	android:exported
		ADDED from src/main/AndroidManifest.xml:66:17-41
	android:name
		ADDED from src/main/AndroidManifest.xml:65:23-104
meta-data#android.support.customtabs.trusted.MANAGE_SPACE_URL
ADDED from src/main/AndroidManifest.xml:69:17-71:57
	android:value
		ADDED from src/main/AndroidManifest.xml:71:21-54
	android:name
		ADDED from src/main/AndroidManifest.xml:70:21-87
intent-filter#action:name:android.intent.action.APPLICATION_PREFERENCES+category:name:android.intent.category.DEFAULT
ADDED from src/main/AndroidManifest.xml:72:17-75:33
action#android.intent.action.APPLICATION_PREFERENCES
ADDED from src/main/AndroidManifest.xml:73:21-92
	android:name
		ADDED from src/main/AndroidManifest.xml:73:29-89
category#android.intent.category.DEFAULT
ADDED from src/main/AndroidManifest.xml:74:21-80
	android:name
		ADDED from src/main/AndroidManifest.xml:74:31-77
activity#com.tecnoverse.smarhome.LauncherActivity
ADDED from src/main/AndroidManifest.xml:79:9-160:20
	android:label
		ADDED from src/main/AndroidManifest.xml:81:13-49
	android:exported
		ADDED from src/main/AndroidManifest.xml:82:13-36
	android:alwaysRetainTaskState
		ADDED from src/main/AndroidManifest.xml:80:13-49
	android:name
		ADDED from src/main/AndroidManifest.xml:79:19-50
meta-data#android.support.customtabs.trusted.DEFAULT_URL
ADDED from src/main/AndroidManifest.xml:83:13-84:53
	android:value
		ADDED from src/main/AndroidManifest.xml:84:17-50
	android:name
		ADDED from src/main/AndroidManifest.xml:83:24-85
meta-data#android.support.customtabs.trusted.STATUS_BAR_COLOR
ADDED from src/main/AndroidManifest.xml:86:13-88:58
	android:resource
		ADDED from src/main/AndroidManifest.xml:88:17-55
	android:name
		ADDED from src/main/AndroidManifest.xml:87:17-83
meta-data#android.support.customtabs.trusted.STATUS_BAR_COLOR_DARK
ADDED from src/main/AndroidManifest.xml:92:13-94:62
	android:resource
		ADDED from src/main/AndroidManifest.xml:94:17-59
	android:name
		ADDED from src/main/AndroidManifest.xml:93:17-88
meta-data#android.support.customtabs.trusted.NAVIGATION_BAR_COLOR
ADDED from src/main/AndroidManifest.xml:96:13-98:61
	android:resource
		ADDED from src/main/AndroidManifest.xml:98:17-58
	android:name
		ADDED from src/main/AndroidManifest.xml:97:17-87
meta-data#android.support.customtabs.trusted.NAVIGATION_BAR_COLOR_DARK
ADDED from src/main/AndroidManifest.xml:100:13-102:65
	android:resource
		ADDED from src/main/AndroidManifest.xml:102:17-62
	android:name
		ADDED from src/main/AndroidManifest.xml:101:17-92
meta-data#androix.browser.trusted.NAVIGATION_BAR_DIVIDER_COLOR
ADDED from src/main/AndroidManifest.xml:104:13-106:68
	android:resource
		ADDED from src/main/AndroidManifest.xml:106:17-65
	android:name
		ADDED from src/main/AndroidManifest.xml:105:17-84
meta-data#androix.browser.trusted.NAVIGATION_BAR_DIVIDER_COLOR_DARK
ADDED from src/main/AndroidManifest.xml:108:13-110:72
	android:resource
		ADDED from src/main/AndroidManifest.xml:110:17-69
	android:name
		ADDED from src/main/AndroidManifest.xml:109:17-89
meta-data#android.support.customtabs.trusted.SPLASH_IMAGE_DRAWABLE
ADDED from src/main/AndroidManifest.xml:112:13-113:54
	android:resource
		ADDED from src/main/AndroidManifest.xml:113:17-52
	android:name
		ADDED from src/main/AndroidManifest.xml:112:24-95
meta-data#android.support.customtabs.trusted.SPLASH_SCREEN_BACKGROUND_COLOR
ADDED from src/main/AndroidManifest.xml:115:13-116:60
	android:resource
		ADDED from src/main/AndroidManifest.xml:116:17-58
	android:name
		ADDED from src/main/AndroidManifest.xml:115:24-104
meta-data#android.support.customtabs.trusted.SPLASH_SCREEN_FADE_OUT_DURATION
ADDED from src/main/AndroidManifest.xml:118:13-119:71
	android:value
		ADDED from src/main/AndroidManifest.xml:119:17-69
	android:name
		ADDED from src/main/AndroidManifest.xml:118:24-105
meta-data#android.support.customtabs.trusted.FILE_PROVIDER_AUTHORITY
ADDED from src/main/AndroidManifest.xml:121:13-122:60
	android:value
		ADDED from src/main/AndroidManifest.xml:122:17-58
	android:name
		ADDED from src/main/AndroidManifest.xml:121:24-97
meta-data#android.app.shortcuts
ADDED from src/main/AndroidManifest.xml:124:13-97
	android:resource
		ADDED from src/main/AndroidManifest.xml:124:61-94
	android:name
		ADDED from src/main/AndroidManifest.xml:124:24-60
meta-data#android.support.customtabs.trusted.FALLBACK_STRATEGY
ADDED from src/main/AndroidManifest.xml:126:13-127:56
	android:value
		ADDED from src/main/AndroidManifest.xml:127:17-53
	android:name
		ADDED from src/main/AndroidManifest.xml:126:24-91
meta-data#android.support.customtabs.trusted.SCREEN_ORIENTATION
ADDED from src/main/AndroidManifest.xml:133:13-134:54
	android:value
		ADDED from src/main/AndroidManifest.xml:134:17-52
	android:name
		ADDED from src/main/AndroidManifest.xml:133:24-92
intent-filter#action:name:android.intent.action.MAIN+category:name:android.intent.category.LAUNCHER
ADDED from src/main/AndroidManifest.xml:142:13-145:29
action#android.intent.action.MAIN
ADDED from src/main/AndroidManifest.xml:143:17-69
	android:name
		ADDED from src/main/AndroidManifest.xml:143:25-66
category#android.intent.category.LAUNCHER
ADDED from src/main/AndroidManifest.xml:144:17-77
	android:name
		ADDED from src/main/AndroidManifest.xml:144:27-74
intent-filter#action:name:android.intent.action.VIEW+category:name:android.intent.category.BROWSABLE+category:name:android.intent.category.DEFAULT+data:host:@string/hostName+data:scheme:https
ADDED from src/main/AndroidManifest.xml:147:13-155:29
	android:autoVerify
		ADDED from src/main/AndroidManifest.xml:147:28-53
action#android.intent.action.VIEW
ADDED from src/main/AndroidManifest.xml:148:17-68
	android:name
		ADDED from src/main/AndroidManifest.xml:148:25-66
category#android.intent.category.BROWSABLE
ADDED from src/main/AndroidManifest.xml:150:17-77
	android:name
		ADDED from src/main/AndroidManifest.xml:150:27-75
data
ADDED from src/main/AndroidManifest.xml:151:17-154:19
	android:host
		ADDED from src/main/AndroidManifest.xml:152:21-52
	android:scheme
		ADDED from src/main/AndroidManifest.xml:151:23-45
activity#com.google.androidbrowserhelper.trusted.FocusActivity
ADDED from src/main/AndroidManifest.xml:162:9-90
	android:name
		ADDED from src/main/AndroidManifest.xml:162:19-87
activity#com.google.androidbrowserhelper.trusted.WebViewFallbackActivity
ADDED from src/main/AndroidManifest.xml:164:9-165:62
	android:configChanges
		ADDED from src/main/AndroidManifest.xml:165:13-59
	android:name
		ADDED from src/main/AndroidManifest.xml:164:19-97
provider#androidx.core.content.FileProvider
ADDED from src/main/AndroidManifest.xml:167:9-175:20
	android:grantUriPermissions
		ADDED from src/main/AndroidManifest.xml:170:13-47
	android:authorities
		ADDED from src/main/AndroidManifest.xml:169:13-60
	android:exported
		ADDED from src/main/AndroidManifest.xml:171:13-37
	android:name
		ADDED from src/main/AndroidManifest.xml:168:13-62
meta-data#android.support.FILE_PROVIDER_PATHS
ADDED from src/main/AndroidManifest.xml:172:13-174:53
	android:resource
		ADDED from src/main/AndroidManifest.xml:174:17-50
	android:name
		ADDED from src/main/AndroidManifest.xml:173:17-67
service#com.tecnoverse.smarhome.DelegationService
ADDED from src/main/AndroidManifest.xml:177:9-192:19
	android:enabled
		ADDED from src/main/AndroidManifest.xml:179:13-55
	android:exported
		ADDED from src/main/AndroidManifest.xml:180:13-56
	android:name
		ADDED from src/main/AndroidManifest.xml:178:13-46
meta-data#android.support.customtabs.trusted.SMALL_ICON
ADDED from src/main/AndroidManifest.xml:183:17-185:73
	android:resource
		ADDED from src/main/AndroidManifest.xml:185:21-70
	android:name
		ADDED from src/main/AndroidManifest.xml:184:21-81
intent-filter#action:name:android.support.customtabs.trusted.TRUSTED_WEB_ACTIVITY_SERVICE+category:name:android.intent.category.DEFAULT
ADDED from src/main/AndroidManifest.xml:188:13-191:29
action#android.support.customtabs.trusted.TRUSTED_WEB_ACTIVITY_SERVICE
ADDED from src/main/AndroidManifest.xml:189:17-105
	android:name
		ADDED from src/main/AndroidManifest.xml:189:25-103
activity#com.google.androidbrowserhelper.trusted.NotificationPermissionRequestActivity
ADDED from src/main/AndroidManifest.xml:195:13-118
	android:name
		ADDED from src/main/AndroidManifest.xml:195:23-115
uses-sdk
INJECTED from src/main/AndroidManifest.xml reason: use-sdk injection requested
INJECTED from src/main/AndroidManifest.xml
INJECTED from src/main/AndroidManifest.xml
MERGED from [com.google.androidbrowserhelper:androidbrowserhelper:2.6.2] AndroidManifest.xml:20:5-44
MERGED from [com.google.androidbrowserhelper:androidbrowserhelper:2.6.2] AndroidManifest.xml:20:5-44
MERGED from [androidx.appcompat:appcompat-resources:1.7.0] AndroidManifest.xml:5:5-44
MERGED from [androidx.appcompat:appcompat-resources:1.7.0] AndroidManifest.xml:5:5-44
MERGED from [androidx.appcompat:appcompat:1.7.0] AndroidManifest.xml:5:5-44
MERGED from [androidx.appcompat:appcompat:1.7.0] AndroidManifest.xml:5:5-44
MERGED from [androidx.fragment:fragment:1.5.4] AndroidManifest.xml:20:5-22:41
MERGED from [androidx.fragment:fragment:1.5.4] AndroidManifest.xml:20:5-22:41
MERGED from [androidx.browser:browser:1.9.0-alpha04] AndroidManifest.xml:5:5-44
MERGED from [androidx.browser:browser:1.9.0-alpha04] AndroidManifest.xml:5:5-44
MERGED from [androidx.activity:activity:1.9.0] AndroidManifest.xml:20:5-44
MERGED from [androidx.activity:activity:1.9.0] AndroidManifest.xml:20:5-44
MERGED from [androidx.core:core-ktx:1.13.0] AndroidManifest.xml:5:5-44
MERGED from [androidx.core:core-ktx:1.13.0] AndroidManifest.xml:5:5-44
MERGED from [androidx.drawerlayout:drawerlayout:1.0.0] AndroidManifest.xml:20:5-44
MERGED from [androidx.drawerlayout:drawerlayout:1.0.0] AndroidManifest.xml:20:5-44
MERGED from [androidx.emoji2:emoji2-views-helper:1.3.0] AndroidManifest.xml:5:5-44
MERGED from [androidx.emoji2:emoji2-views-helper:1.3.0] AndroidManifest.xml:5:5-44
MERGED from [androidx.emoji2:emoji2:1.3.0] AndroidManifest.xml:21:5-44
MERGED from [androidx.emoji2:emoji2:1.3.0] AndroidManifest.xml:21:5-44
MERGED from [androidx.vectordrawable:vectordrawable-animated:1.1.0] AndroidManifest.xml:20:5-22:41
MERGED from [androidx.vectordrawable:vectordrawable-animated:1.1.0] AndroidManifest.xml:20:5-22:41
MERGED from [androidx.vectordrawable:vectordrawable:1.1.0] AndroidManifest.xml:20:5-22:41
MERGED from [androidx.vectordrawable:vectordrawable:1.1.0] AndroidManifest.xml:20:5-22:41
MERGED from [androidx.viewpager:viewpager:1.0.0] AndroidManifest.xml:20:5-44
MERGED from [androidx.viewpager:viewpager:1.0.0] AndroidManifest.xml:20:5-44
MERGED from [androidx.customview:customview:1.0.0] AndroidManifest.xml:20:5-44
MERGED from [androidx.customview:customview:1.0.0] AndroidManifest.xml:20:5-44
MERGED from [androidx.loader:loader:1.0.0] AndroidManifest.xml:20:5-44
MERGED from [androidx.loader:loader:1.0.0] AndroidManifest.xml:20:5-44
MERGED from [androidx.core:core:1.13.0] AndroidManifest.xml:20:5-44
MERGED from [androidx.core:core:1.13.0] AndroidManifest.xml:20:5-44
MERGED from [androidx.lifecycle:lifecycle-livedata:2.6.2] AndroidManifest.xml:20:5-44
MERGED from [androidx.lifecycle:lifecycle-livedata:2.6.2] AndroidManifest.xml:20:5-44
MERGED from [androidx.lifecycle:lifecycle-viewmodel:2.6.2] AndroidManifest.xml:20:5-44
MERGED from [androidx.lifecycle:lifecycle-viewmodel:2.6.2] AndroidManifest.xml:20:5-44
MERGED from [androidx.lifecycle:lifecycle-process:2.6.2] AndroidManifest.xml:21:5-44
MERGED from [androidx.lifecycle:lifecycle-process:2.6.2] AndroidManifest.xml:21:5-44
MERGED from [androidx.lifecycle:lifecycle-livedata-core:2.6.2] AndroidManifest.xml:20:5-44
MERGED from [androidx.lifecycle:lifecycle-livedata-core:2.6.2] AndroidManifest.xml:20:5-44
MERGED from [androidx.lifecycle:lifecycle-runtime:2.6.2] AndroidManifest.xml:5:5-44
MERGED from [androidx.lifecycle:lifecycle-runtime:2.6.2] AndroidManifest.xml:5:5-44
MERGED from [androidx.lifecycle:lifecycle-viewmodel-savedstate:2.6.2] AndroidManifest.xml:20:5-44
MERGED from [androidx.lifecycle:lifecycle-viewmodel-savedstate:2.6.2] AndroidManifest.xml:20:5-44
MERGED from [androidx.savedstate:savedstate:1.2.1] AndroidManifest.xml:20:5-44
MERGED from [androidx.savedstate:savedstate:1.2.1] AndroidManifest.xml:20:5-44
MERGED from [androidx.cursoradapter:cursoradapter:1.0.0] AndroidManifest.xml:20:5-44
MERGED from [androidx.cursoradapter:cursoradapter:1.0.0] AndroidManifest.xml:20:5-44
MERGED from [androidx.profileinstaller:profileinstaller:1.3.1] AndroidManifest.xml:21:5-44
MERGED from [androidx.profileinstaller:profileinstaller:1.3.1] AndroidManifest.xml:21:5-44
MERGED from [androidx.interpolator:interpolator:1.0.0] AndroidManifest.xml:20:5-44
MERGED from [androidx.interpolator:interpolator:1.0.0] AndroidManifest.xml:20:5-44
MERGED from [androidx.versionedparcelable:versionedparcelable:1.1.1] AndroidManifest.xml:20:5-22:41
MERGED from [androidx.versionedparcelable:versionedparcelable:1.1.1] AndroidManifest.xml:20:5-22:41
MERGED from [androidx.startup:startup-runtime:1.1.1] AndroidManifest.xml:21:5-23:41
MERGED from [androidx.startup:startup-runtime:1.1.1] AndroidManifest.xml:21:5-23:41
MERGED from [androidx.tracing:tracing:1.0.0] AndroidManifest.xml:20:5-22:41
MERGED from [androidx.tracing:tracing:1.0.0] AndroidManifest.xml:20:5-22:41
MERGED from [androidx.arch.core:core-runtime:2.2.0] AndroidManifest.xml:20:5-44
MERGED from [androidx.arch.core:core-runtime:2.2.0] AndroidManifest.xml:20:5-44
MERGED from [androidx.annotation:annotation-experimental:1.4.1] AndroidManifest.xml:5:5-44
MERGED from [androidx.annotation:annotation-experimental:1.4.1] AndroidManifest.xml:5:5-44
	android:targetSdkVersion
		INJECTED from src/main/AndroidManifest.xml
	android:minSdkVersion
		INJECTED from src/main/AndroidManifest.xml
queries
ADDED from [com.google.androidbrowserhelper:androidbrowserhelper:2.6.2] AndroidManifest.xml:22:5-30:15
intent#action:name:android.intent.action.VIEW+category:name:android.intent.category.BROWSABLE+data:scheme:https
ADDED from [com.google.androidbrowserhelper:androidbrowserhelper:2.6.2] AndroidManifest.xml:23:9-29:18
provider#androidx.startup.InitializationProvider
ADDED from [androidx.emoji2:emoji2:1.3.0] AndroidManifest.xml:24:9-32:20
MERGED from [androidx.lifecycle:lifecycle-process:2.6.2] AndroidManifest.xml:24:9-32:20
MERGED from [androidx.lifecycle:lifecycle-process:2.6.2] AndroidManifest.xml:24:9-32:20
MERGED from [androidx.profileinstaller:profileinstaller:1.3.1] AndroidManifest.xml:24:9-32:20
MERGED from [androidx.profileinstaller:profileinstaller:1.3.1] AndroidManifest.xml:24:9-32:20
MERGED from [androidx.startup:startup-runtime:1.1.1] AndroidManifest.xml:26:9-30:34
MERGED from [androidx.startup:startup-runtime:1.1.1] AndroidManifest.xml:26:9-30:34
	tools:node
		ADDED from [androidx.emoji2:emoji2:1.3.0] AndroidManifest.xml:28:13-31
	android:authorities
		ADDED from [androidx.emoji2:emoji2:1.3.0] AndroidManifest.xml:26:13-68
	android:exported
		ADDED from [androidx.emoji2:emoji2:1.3.0] AndroidManifest.xml:27:13-37
	android:name
		ADDED from [androidx.emoji2:emoji2:1.3.0] AndroidManifest.xml:25:13-67
meta-data#androidx.emoji2.text.EmojiCompatInitializer
ADDED from [androidx.emoji2:emoji2:1.3.0] AndroidManifest.xml:29:13-31:52
	android:value
		ADDED from [androidx.emoji2:emoji2:1.3.0] AndroidManifest.xml:31:17-49
	android:name
		ADDED from [androidx.emoji2:emoji2:1.3.0] AndroidManifest.xml:30:17-75
permission#${applicationId}.DYNAMIC_RECEIVER_NOT_EXPORTED_PERMISSION
ADDED from [androidx.core:core:1.13.0] AndroidManifest.xml:22:5-24:47
	android:protectionLevel
		ADDED from [androidx.core:core:1.13.0] AndroidManifest.xml:24:9-44
	android:name
		ADDED from [androidx.core:core:1.13.0] AndroidManifest.xml:23:9-81
permission#com.tecnoverse.smarhome.DYNAMIC_RECEIVER_NOT_EXPORTED_PERMISSION
ADDED from [androidx.core:core:1.13.0] AndroidManifest.xml:22:5-24:47
	android:protectionLevel
		ADDED from [androidx.core:core:1.13.0] AndroidManifest.xml:24:9-44
	android:name
		ADDED from [androidx.core:core:1.13.0] AndroidManifest.xml:23:9-81
uses-permission#${applicationId}.DYNAMIC_RECEIVER_NOT_EXPORTED_PERMISSION
ADDED from [androidx.core:core:1.13.0] AndroidManifest.xml:26:5-97
	android:name
		ADDED from [androidx.core:core:1.13.0] AndroidManifest.xml:26:22-94
uses-permission#com.tecnoverse.smarhome.DYNAMIC_RECEIVER_NOT_EXPORTED_PERMISSION
ADDED from [androidx.core:core:1.13.0] AndroidManifest.xml:26:5-97
	android:name
		ADDED from [androidx.core:core:1.13.0] AndroidManifest.xml:26:22-94
meta-data#androidx.lifecycle.ProcessLifecycleInitializer
ADDED from [androidx.lifecycle:lifecycle-process:2.6.2] AndroidManifest.xml:29:13-31:52
	android:value
		ADDED from [androidx.lifecycle:lifecycle-process:2.6.2] AndroidManifest.xml:31:17-49
	android:name
		ADDED from [androidx.lifecycle:lifecycle-process:2.6.2] AndroidManifest.xml:30:17-78
meta-data#androidx.profileinstaller.ProfileInstallerInitializer
ADDED from [androidx.profileinstaller:profileinstaller:1.3.1] AndroidManifest.xml:29:13-31:52
	android:value
		ADDED from [androidx.profileinstaller:profileinstaller:1.3.1] AndroidManifest.xml:31:17-49
	android:name
		ADDED from [androidx.profileinstaller:profileinstaller:1.3.1] AndroidManifest.xml:30:17-85
receiver#androidx.profileinstaller.ProfileInstallReceiver
ADDED from [androidx.profileinstaller:profileinstaller:1.3.1] AndroidManifest.xml:34:9-52:20
	android:enabled
		ADDED from [androidx.profileinstaller:profileinstaller:1.3.1] AndroidManifest.xml:37:13-35
	android:exported
		ADDED from [androidx.profileinstaller:profileinstaller:1.3.1] AndroidManifest.xml:38:13-36
	android:permission
		ADDED from [androidx.profileinstaller:profileinstaller:1.3.1] AndroidManifest.xml:39:13-57
	android:directBootAware
		ADDED from [androidx.profileinstaller:profileinstaller:1.3.1] AndroidManifest.xml:36:13-44
	android:name
		ADDED from [androidx.profileinstaller:profileinstaller:1.3.1] AndroidManifest.xml:35:13-76
intent-filter#action:name:androidx.profileinstaller.action.INSTALL_PROFILE
ADDED from [androidx.profileinstaller:profileinstaller:1.3.1] AndroidManifest.xml:40:13-42:29
action#androidx.profileinstaller.action.INSTALL_PROFILE
ADDED from [androidx.profileinstaller:profileinstaller:1.3.1] AndroidManifest.xml:41:17-91
	android:name
		ADDED from [androidx.profileinstaller:profileinstaller:1.3.1] AndroidManifest.xml:41:25-88
intent-filter#action:name:androidx.profileinstaller.action.SKIP_FILE
ADDED from [androidx.profileinstaller:profileinstaller:1.3.1] AndroidManifest.xml:43:13-45:29
action#androidx.profileinstaller.action.SKIP_FILE
ADDED from [androidx.profileinstaller:profileinstaller:1.3.1] AndroidManifest.xml:44:17-85
	android:name
		ADDED from [androidx.profileinstaller:profileinstaller:1.3.1] AndroidManifest.xml:44:25-82
intent-filter#action:name:androidx.profileinstaller.action.SAVE_PROFILE
ADDED from [androidx.profileinstaller:profileinstaller:1.3.1] AndroidManifest.xml:46:13-48:29
action#androidx.profileinstaller.action.SAVE_PROFILE
ADDED from [androidx.profileinstaller:profileinstaller:1.3.1] AndroidManifest.xml:47:17-88
	android:name
		ADDED from [androidx.profileinstaller:profileinstaller:1.3.1] AndroidManifest.xml:47:25-85
intent-filter#action:name:androidx.profileinstaller.action.BENCHMARK_OPERATION
ADDED from [androidx.profileinstaller:profileinstaller:1.3.1] AndroidManifest.xml:49:13-51:29
action#androidx.profileinstaller.action.BENCHMARK_OPERATION
ADDED from [androidx.profileinstaller:profileinstaller:1.3.1] AndroidManifest.xml:50:17-95
	android:name
		ADDED from [androidx.profileinstaller:profileinstaller:1.3.1] AndroidManifest.xml:50:25-92